2025-09-08 18:21:05,693 - task_2025090818210_9886 - INFO - 任务目录初始化完成：D:\PyCharmProjects\ums_uiautomator\result\2025090818210_9886
2025-09-08 18:21:05,693 - task_2025090818210_9886 - INFO - === 调试：完整 pytest 命令 ===
2025-09-08 18:21:05,693 - task_2025090818210_9886 - INFO - 命令列表（真实参数）：['python', '-m', 'pytest', '-sv', 'D:\\PyCharmProjects\\ums_uiautomator\\test_suite\\tmp_project.py', '--device_id=AF8YVB1805003480', '--task_id=2025090818210_9886', '--alluredir=D:\\PyCharmProjects\\ums_uiautomator\\result\\2025090818210_9886\\allure_raw']
2025-09-08 18:21:05,693 - task_2025090818210_9886 - INFO - 拼接命令（仅显示）：python -m pytest -sv D:\PyCharmProjects\ums_uiautomator\test_suite\tmp_project.py --device_id=AF8YVB1805003480 --task_id=2025090818210_9886 --alluredir=D:\PyCharmProjects\ums_uiautomator\result\2025090818210_9886\allure_raw
2025-09-08 18:21:09,953 - task_2025090818210_9886 - INFO - pytest 输出：============================= test session starts =============================
2025-09-08 18:21:09,953 - task_2025090818210_9886 - INFO - pytest 输出：platform win32 -- Python 3.9.13, pytest-7.1.2, pluggy-1.6.0 -- C:\ProgramData\Anaconda3\python.exe
2025-09-08 18:21:09,957 - task_2025090818210_9886 - INFO - pytest 输出：cachedir: .pytest_cache
2025-09-08 18:21:09,957 - task_2025090818210_9886 - INFO - pytest 输出：metadata: {'Python': '3.9.13', 'Platform': 'Windows-10-10.0.26100-SP0', 'Packages': {'pytest': '7.1.2', 'py': '1.11.0', 'pluggy': '1.6.0'}, 'Plugins': {'allure-pytest': '2.9.45', 'anyio': '1.3.1', 'langsmith': '0.4.20', 'html': '3.1.1', 'metadata': '2.0.1'}, 'JAVA_HOME': 'C:\\Program Files\\Java\\jdk1.8.0_221'}
2025-09-08 18:21:09,957 - task_2025090818210_9886 - INFO - pytest 输出：rootdir: D:\PyCharmProjects\ums_uiautomator
2025-09-08 18:21:09,958 - task_2025090818210_9886 - INFO - pytest 输出：plugins: allure-pytest-2.9.45, anyio-1.3.1, langsmith-0.4.20, html-3.1.1, metadata-2.0.1
2025-09-08 18:21:09,963 - task_2025090818210_9886 - INFO - pytest 输出：collecting ... collected 4 items
2025-09-08 18:21:09,963 - task_2025090818210_9886 - INFO - pytest 输出：
2025-09-08 18:21:10,337 - task_2025090818210_9886 - INFO - pytest 输出：test_suite/tmp_project.py::test_case01 ERROR
2025-09-08 18:21:10,342 - task_2025090818210_9886 - INFO - pytest 输出：test_suite/tmp_project.py::test_case02 SKIPPED (Skip if demo)
2025-09-08 18:21:10,375 - task_2025090818210_9886 - INFO - pytest 输出：test_suite/tmp_project.py::test_case03 ERROR
2025-09-08 18:21:10,405 - task_2025090818210_9886 - INFO - pytest 输出：test_suite/tmp_project.py::test_case04 ERROR
2025-09-08 18:21:10,406 - task_2025090818210_9886 - INFO - pytest 输出：
2025-09-08 18:21:10,406 - task_2025090818210_9886 - INFO - pytest 输出：=================================== ERRORS ====================================
2025-09-08 18:21:10,406 - task_2025090818210_9886 - INFO - pytest 输出：________________________ ERROR at setup of test_case01 ________________________
2025-09-08 18:21:10,406 - task_2025090818210_9886 - INFO - pytest 输出：
2025-09-08 18:21:10,406 - task_2025090818210_9886 - INFO - pytest 输出：device_id = 'AF8YVB1805003480'
2025-09-08 18:21:10,407 - task_2025090818210_9886 - INFO - pytest 输出：
2025-09-08 18:21:10,407 - task_2025090818210_9886 - INFO - pytest 输出：@pytest.fixture(scope="function")
2025-09-08 18:21:10,408 - task_2025090818210_9886 - INFO - pytest 输出：def setup_and_teardown_demo(device_id):
2025-09-08 18:21:10,408 - task_2025090818210_9886 - INFO - pytest 输出："""
2025-09-08 18:21:10,411 - task_2025090818210_9886 - INFO - pytest 输出：อจำรวฐึรฃบมมฦม
2025-09-08 18:21:10,413 - task_2025090818210_9886 - INFO - pytest 输出：通用收尾：回到主页面
2025-09-08 18:21:10,416 - task_2025090818210_9886 - INFO - pytest 输出：d 为 UI 测试的核心对象，除非知道后果否则请勿修改
2025-09-08 18:21:10,416 - task_2025090818210_9886 - INFO - pytest 输出：@Author: CN-LanBao
2025-09-08 18:21:10,417 - task_2025090818210_9886 - INFO - pytest 输出：@Create: 2022/5/9 17:32
2025-09-08 18:21:10,417 - task_2025090818210_9886 - INFO - pytest 输出：:return: Uiautomator
2025-09-08 18:21:10,417 - task_2025090818210_9886 - INFO - pytest 输出："""
2025-09-08 18:21:10,417 - task_2025090818210_9886 - INFO - pytest 输出：>       d.screen_on()
2025-09-08 18:21:10,417 - task_2025090818210_9886 - INFO - pytest 输出：E       AttributeError: 'NoneType' object has no attribute 'screen_on'
2025-09-08 18:21:10,418 - task_2025090818210_9886 - INFO - pytest 输出：
2025-09-08 18:21:10,418 - task_2025090818210_9886 - INFO - pytest 输出：test_suite\conftest.py:51: AttributeError
2025-09-08 18:21:10,418 - task_2025090818210_9886 - INFO - pytest 输出：________________________ ERROR at setup of test_case03 ________________________
2025-09-08 18:21:10,418 - task_2025090818210_9886 - INFO - pytest 输出：
2025-09-08 18:21:10,418 - task_2025090818210_9886 - INFO - pytest 输出：device_id = 'AF8YVB1805003480'
2025-09-08 18:21:10,419 - task_2025090818210_9886 - INFO - pytest 输出：
2025-09-08 18:21:10,419 - task_2025090818210_9886 - INFO - pytest 输出：@pytest.fixture(scope="function")
2025-09-08 18:21:10,419 - task_2025090818210_9886 - INFO - pytest 输出：def setup_and_teardown_demo(device_id):
2025-09-08 18:21:10,419 - task_2025090818210_9886 - INFO - pytest 输出："""
2025-09-08 18:21:10,420 - task_2025090818210_9886 - INFO - pytest 输出：อจำรวฐึรฃบมมฦม
2025-09-08 18:21:10,421 - task_2025090818210_9886 - INFO - pytest 输出：通用收尾：回到主页面
2025-09-08 18:21:10,423 - task_2025090818210_9886 - INFO - pytest 输出：d 为 UI 测试的核心对象，除非知道后果否则请勿修改
2025-09-08 18:21:10,424 - task_2025090818210_9886 - INFO - pytest 输出：@Author: CN-LanBao
2025-09-08 18:21:10,424 - task_2025090818210_9886 - INFO - pytest 输出：@Create: 2022/5/9 17:32
2025-09-08 18:21:10,424 - task_2025090818210_9886 - INFO - pytest 输出：:return: Uiautomator
2025-09-08 18:21:10,424 - task_2025090818210_9886 - INFO - pytest 输出："""
2025-09-08 18:21:10,424 - task_2025090818210_9886 - INFO - pytest 输出：>       d.screen_on()
2025-09-08 18:21:10,424 - task_2025090818210_9886 - INFO - pytest 输出：E       AttributeError: 'NoneType' object has no attribute 'screen_on'
2025-09-08 18:21:10,425 - task_2025090818210_9886 - INFO - pytest 输出：
2025-09-08 18:21:10,425 - task_2025090818210_9886 - INFO - pytest 输出：test_suite\conftest.py:51: AttributeError
2025-09-08 18:21:10,425 - task_2025090818210_9886 - INFO - pytest 输出：________________________ ERROR at setup of test_case04 ________________________
2025-09-08 18:21:10,426 - task_2025090818210_9886 - INFO - pytest 输出：
2025-09-08 18:21:10,426 - task_2025090818210_9886 - INFO - pytest 输出：device_id = 'AF8YVB1805003480'
2025-09-08 18:21:10,426 - task_2025090818210_9886 - INFO - pytest 输出：
2025-09-08 18:21:10,426 - task_2025090818210_9886 - INFO - pytest 输出：@pytest.fixture(scope="function")
2025-09-08 18:21:10,426 - task_2025090818210_9886 - INFO - pytest 输出：def setup_and_teardown_demo(device_id):
2025-09-08 18:21:10,427 - task_2025090818210_9886 - INFO - pytest 输出："""
2025-09-08 18:21:10,428 - task_2025090818210_9886 - INFO - pytest 输出：อจำรวฐึรฃบมมฦม
2025-09-08 18:21:10,429 - task_2025090818210_9886 - INFO - pytest 输出：通用收尾：回到主页面
2025-09-08 18:21:10,431 - task_2025090818210_9886 - INFO - pytest 输出：d 为 UI 测试的核心对象，除非知道后果否则请勿修改
2025-09-08 18:21:10,431 - task_2025090818210_9886 - INFO - pytest 输出：@Author: CN-LanBao
2025-09-08 18:21:10,431 - task_2025090818210_9886 - INFO - pytest 输出：@Create: 2022/5/9 17:32
2025-09-08 18:21:10,432 - task_2025090818210_9886 - INFO - pytest 输出：:return: Uiautomator
2025-09-08 18:21:10,432 - task_2025090818210_9886 - INFO - pytest 输出："""
2025-09-08 18:21:10,432 - task_2025090818210_9886 - INFO - pytest 输出：>       d.screen_on()
2025-09-08 18:21:10,432 - task_2025090818210_9886 - INFO - pytest 输出：E       AttributeError: 'NoneType' object has no attribute 'screen_on'
2025-09-08 18:21:10,433 - task_2025090818210_9886 - INFO - pytest 输出：
2025-09-08 18:21:10,433 - task_2025090818210_9886 - INFO - pytest 输出：test_suite\conftest.py:51: AttributeError
2025-09-08 18:21:10,433 - task_2025090818210_9886 - INFO - pytest 输出：=========================== short test summary info ===========================
2025-09-08 18:21:10,433 - task_2025090818210_9886 - INFO - pytest 输出：ERROR test_suite/tmp_project.py::test_case01 - AttributeError: 'NoneType' obj...
2025-09-08 18:21:10,434 - task_2025090818210_9886 - INFO - pytest 输出：ERROR test_suite/tmp_project.py::test_case03 - AttributeError: 'NoneType' obj...
2025-09-08 18:21:10,434 - task_2025090818210_9886 - INFO - pytest 输出：ERROR test_suite/tmp_project.py::test_case04 - AttributeError: 'NoneType' obj...
2025-09-08 18:21:10,434 - task_2025090818210_9886 - INFO - pytest 输出：======================== 1 skipped, 3 errors in 0.45s =========================
2025-09-08 18:21:10,570 - task_2025090818210_9886 - INFO - pytest 执行结束，返回码：1
2025-09-08 18:21:10,570 - task_2025090818210_9886 - ERROR - 测试异常：pytest 执行失败（返回码：1）
真实命令列表：['python', '-m', 'pytest', '-sv', 'D:\\PyCharmProjects\\ums_uiautomator\\test_suite\\tmp_project.py', '--device_id=AF8YVB1805003480', '--task_id=2025090818210_9886', '--alluredir=D:\\PyCharmProjects\\ums_uiautomator\\result\\2025090818210_9886\\allure_raw']
测试用例路径：D:\PyCharmProjects\ums_uiautomator\test_suite\tmp_project.py
路径是否存在：True
pytest 输出：
============================= test session starts =============================
platform win32 -- Python 3.9.13, pytest-7.1.2, pluggy-1.6.0 -- C:\ProgramData\Anaconda3\python.exe
cachedir: .pytest_cache
metadata: {'Python': '3.9.13', 'Platform': 'Windows-10-10.0.26100-SP0', 'Packages': {'pytest': '7.1.2', 'py': '1.11.0', 'pluggy': '1.6.0'}, 'Plugins': {'allure-pytest': '2.9.45', 'anyio': '1.3.1', 'langsmith': '0.4.20', 'html': '3.1.1', 'metadata': '2.0.1'}, 'JAVA_HOME': 'C:\\Program Files\\Java\\jdk1.8.0_221'}
rootdir: D:\PyCharmProjects\ums_uiautomator
plugins: allure-pytest-2.9.45, anyio-1.3.1, langsmith-0.4.20, html-3.1.1, metadata-2.0.1
collecting ... collected 4 items

test_suite/tmp_project.py::test_case01 ERROR
test_suite/tmp_project.py::test_case02 SKIPPED (Skip if demo)
test_suite
