[2025-09-15 17:58:02] [device_AF8YVB1805003480] [INFO] 开始初始化设备：AF8YVB1805003480
[2025-09-15 17:58:02] [device_AF8YVB1805003480] [DEBUG] 设备AF8YVB1805003480在线状态：True
[2025-09-15 17:58:02] [device_AF8YVB1805003480] [INFO] 执行初始化命令：python -m uiautomator2 init AF8YVB1805003480
[2025-09-15 17:58:03] [device_AF8YVB1805003480] [DEBUG] uiautomator2 init 输出：[D 2025-09-15 17:58:03,346 core:254 pid:29684] file u2.jar md5: 3564c56e4ef077f92c0fd32bcb42aea1
[2025-09-15 17:58:03] [device_AF8YVB1805003480] [DEBUG] uiautomator2 init 输出：[D 2025-09-15 17:58:03,418 core:243 pid:29684] file u2.jar already pushed
[2025-09-15 17:58:03] [device_AF8YVB1805003480] [DEBUG] uiautomator2 init 输出：[D 2025-09-15 17:58:03,418 core:111 pid:29684] http request GET /ping None
[2025-09-15 17:58:03] [device_AF8YVB1805003480] [DEBUG] uiautomator2 init 输出：[D 2025-09-15 17:58:03,451 core:71 pid:29684] launch uiautomator with cmd: CLASSPATH=/data/local/tmp/u2.jar app_process / com.wetest.uia2.Main
[2025-09-15 17:58:03] [device_AF8YVB1805003480] [DEBUG] uiautomator2 init 输出：[D 2025-09-15 17:58:03,474 core:111 pid:29684] http request GET /ping None
[2025-09-15 17:58:04] [device_AF8YVB1805003480] [DEBUG] uiautomator2 init 输出：[D 2025-09-15 17:58:04,004 core:111 pid:29684] http request GET /ping None
[2025-09-15 17:58:04] [device_AF8YVB1805003480] [DEBUG] uiautomator2 init 输出：[D 2025-09-15 17:58:04,120 core:39 pid:29684] MockAdbProcess: b'[server] INFO: [UiAutomator2Server] Starting Server\n'
[2025-09-15 17:58:04] [device_AF8YVB1805003480] [DEBUG] uiautomator2 init 输出：[D 2025-09-15 17:58:04,289 core:39 pid:29684] MockAdbProcess: b'SLF4J: Failed to load class "org.slf4j.impl.StaticLoggerBinder".\nSLF4J: Defaulting to no-operation (NOP) logger implementation\n'
[2025-09-15 17:58:04] [device_AF8YVB1805003480] [DEBUG] uiautomator2 init 输出：[D 2025-09-15 17:58:04,289 core:39 pid:29684] MockAdbProcess: b'SLF4J: See http://www.slf4j.org/codes.html#StaticLoggerBinder for further details.\n'
[2025-09-15 17:58:04] [device_AF8YVB1805003480] [DEBUG] uiautomator2 init 输出：[D 2025-09-15 17:58:04,351 core:39 pid:29684] MockAdbProcess: b'[server] INFO: clipboardManager inited\n'
[2025-09-15 17:58:04] [device_AF8YVB1805003480] [DEBUG] uiautomator2 init 输出：[D 2025-09-15 17:58:04,356 core:39 pid:29684] MockAdbProcess: b'[server] INFO: tmpdir is /data/local/tmp/u2\n'
[2025-09-15 17:58:04] [device_AF8YVB1805003480] [DEBUG] uiautomator2 init 输出：[D 2025-09-15 17:58:04,371 core:39 pid:29684] MockAdbProcess: b'[server] INFO: http server listening on *:9008\n'
[2025-09-15 17:58:04] [device_AF8YVB1805003480] [DEBUG] uiautomator2 init 输出：[D 2025-09-15 17:58:04,540 core:111 pid:29684] http request GET /ping None
[2025-09-15 17:58:04] [device_AF8YVB1805003480] [DEBUG] uiautomator2 init 输出：[D 2025-09-15 17:58:04,581 core:254 pid:29684] file u2.jar md5: 3564c56e4ef077f92c0fd32bcb42aea1
[2025-09-15 17:58:04] [device_AF8YVB1805003480] [DEBUG] uiautomator2 init 输出：[D 2025-09-15 17:58:04,651 core:243 pid:29684] file u2.jar already pushed
[2025-09-15 17:58:04] [device_AF8YVB1805003480] [INFO] uiautomator2 init 命令执行完成
[2025-09-15 17:58:06] [device_AF8YVB1805003480] [DEBUG] 执行 atx-agent 版本校验命令：adb -s AF8YVB1805003480 shell /data/local/tmp/atx-agent version
[2025-09-15 17:58:06] [device_AF8YVB1805003480] [INFO] 设备AF8YVB1805003480初始化成功
[2025-09-15 17:58:06] [task_2025091517580_63de] [INFO] 准备测试环境：D:\PycharmProjects\ums_uiautomator\result\2025091517580_63de
[2025-09-15 17:58:06] [task_2025091517580_63de] [DEBUG] 创建目录成功：D:\PycharmProjects\ums_uiautomator\result\2025091517580_63de\allure_raw
[2025-09-15 17:58:06] [task_2025091517580_63de] [DEBUG] 创建目录成功：D:\PycharmProjects\ums_uiautomator\result\2025091517580_63de\allure_html
[2025-09-15 17:58:06] [task_2025091517580_63de] [INFO] 测试目录初始化完成：D:\PycharmProjects\ums_uiautomator\result\2025091517580_63de
[2025-09-15 17:58:06] [task_2025091517580_63de] [INFO] 测试用例校验通过：D:\PycharmProjects\ums_uiautomator\test_suite\test.py（文件大小：1.52KB）
[2025-09-15 17:58:06] [task_2025091517580_63de] [INFO] 开始执行Pytest测试...
[2025-09-15 17:58:08] [device_AF8YVB1805003480] [INFO] 开始初始化设备：AF8YVB1805003480
[2025-09-15 17:58:08] [device_AF8YVB1805003480] [DEBUG] 设备AF8YVB1805003480在线状态：True
[2025-09-15 17:58:08] [device_AF8YVB1805003480] [INFO] 执行初始化命令：python -m uiautomator2 init AF8YVB1805003480
[2025-09-15 17:58:08] [device_AF8YVB1805003480] [DEBUG] uiautomator2 init 输出：[D 2025-09-15 17:58:08,959 core:254 pid:40936] file u2.jar md5: 3564c56e4ef077f92c0fd32bcb42aea1
[2025-09-15 17:58:09] [device_AF8YVB1805003480] [DEBUG] uiautomator2 init 输出：[D 2025-09-15 17:58:09,030 core:243 pid:40936] file u2.jar already pushed
[2025-09-15 17:58:09] [device_AF8YVB1805003480] [DEBUG] uiautomator2 init 输出：[D 2025-09-15 17:58:09,030 core:111 pid:40936] http request GET /ping None
[2025-09-15 17:58:09] [device_AF8YVB1805003480] [DEBUG] uiautomator2 init 输出：[D 2025-09-15 17:58:09,074 core:71 pid:40936] launch uiautomator with cmd: CLASSPATH=/data/local/tmp/u2.jar app_process / com.wetest.uia2.Main
[2025-09-15 17:58:09] [device_AF8YVB1805003480] [DEBUG] uiautomator2 init 输出：[D 2025-09-15 17:58:09,097 core:111 pid:40936] http request GET /ping None
[2025-09-15 17:58:09] [device_AF8YVB1805003480] [DEBUG] uiautomator2 init 输出：[D 2025-09-15 17:58:09,628 core:111 pid:40936] http request GET /ping None
[2025-09-15 17:58:09] [device_AF8YVB1805003480] [DEBUG] uiautomator2 init 输出：[D 2025-09-15 17:58:09,733 core:39 pid:40936] MockAdbProcess: b'[server] INFO: [UiAutomator2Server] Starting Server\n'
[2025-09-15 17:58:09] [device_AF8YVB1805003480] [DEBUG] uiautomator2 init 输出：[D 2025-09-15 17:58:09,919 core:39 pid:40936] MockAdbProcess: b'SLF4J: Failed to load class "org.slf4j.impl.StaticLoggerBinder".\nSLF4J: Defaulting to no-operation (NOP) logger implementation\nSLF4J: See http://www.slf4j.org/codes.html#StaticLoggerBinder for further details.\n'
[2025-09-15 17:58:09] [device_AF8YVB1805003480] [DEBUG] uiautomator2 init 输出：[D 2025-09-15 17:58:09,984 core:39 pid:40936] MockAdbProcess: b'[server] INFO: clipboardManager inited\n'
[2025-09-15 17:58:09] [device_AF8YVB1805003480] [DEBUG] uiautomator2 init 输出：[D 2025-09-15 17:58:09,989 core:39 pid:40936] MockAdbProcess: b'[server] INFO: tmpdir is /data/local/tmp/u2\n'
[2025-09-15 17:58:10] [device_AF8YVB1805003480] [DEBUG] uiautomator2 init 输出：[D 2025-09-15 17:58:10,003 core:39 pid:40936] MockAdbProcess: b'[server] INFO: http server listening on *:9008\n'
[2025-09-15 17:58:10] [device_AF8YVB1805003480] [DEBUG] uiautomator2 init 输出：[D 2025-09-15 17:58:10,160 core:111 pid:40936] http request GET /ping None
[2025-09-15 17:58:10] [device_AF8YVB1805003480] [DEBUG] uiautomator2 init 输出：[D 2025-09-15 17:58:10,211 core:254 pid:40936] file u2.jar md5: 3564c56e4ef077f92c0fd32bcb42aea1
[2025-09-15 17:58:10] [device_AF8YVB1805003480] [DEBUG] uiautomator2 init 输出：[D 2025-09-15 17:58:10,282 core:243 pid:40936] file u2.jar already pushed
[2025-09-15 17:58:10] [device_AF8YVB1805003480] [INFO] uiautomator2 init 命令执行完成
[2025-09-15 17:58:12] [device_AF8YVB1805003480] [DEBUG] 执行 atx-agent 版本校验命令：adb -s AF8YVB1805003480 shell /data/local/tmp/atx-agent version
[2025-09-15 17:58:12] [device_AF8YVB1805003480] [INFO] 设备AF8YVB1805003480初始化成功
[2025-09-15 17:58:13] [device_AF8YVB1805003480] [INFO] 设备AF8YVB1805003480执行亮屏操作
[2025-09-15 17:58:15] [device_AF8YVB1805003480] [ERROR] 设备AF8YVB1805003480检查文本'相机'失败：[Errno 2] No such file or directory: '/tmp/window_dump.xml'
Traceback (most recent call last):
  File "D:\PycharmProjects\ums_uiautomator\core\uiautomator.py", line 156, in check_text_exists
    with open("/tmp/window_dump.xml", "r", encoding="utf-8") as f:
         ~~~~^^^^^^^^^^^^^^^^^^^^^^^^^^^^^^^^^^^^^^^^^^^^^^^
FileNotFoundError: [Errno 2] No such file or directory: '/tmp/window_dump.xml'
[2025-09-15 17:58:15] [device_AF8YVB1805003480] [INFO] 设备AF8YVB1805003480执行按键操作：home
[2025-09-15 17:58:16] [device_AF8YVB1805003480] [INFO] 设备AF8YVB1805003480执行亮屏操作
[2025-09-15 17:58:16] [device_AF8YVB1805003480] [INFO] 设备AF8YVB1805003480执行按键操作：home
[2025-09-15 17:58:17] [device_AF8YVB1805003480] [INFO] 设备AF8YVB1805003480执行亮屏操作
[2025-09-15 17:58:18] [device_AF8YVB1805003480] [INFO] 设备AF8YVB1805003480点击坐标：(100, 100)
[2025-09-15 17:58:18] [device_AF8YVB1805003480] [INFO] 设备AF8YVB1805003480点击坐标：(200, 200)
[2025-09-15 17:58:18] [device_AF8YVB1805003480] [INFO] 两次点击操作完成，测试通过
[2025-09-15 17:58:19] [device_AF8YVB1805003480] [INFO] 设备AF8YVB1805003480执行按键操作：home
[2025-09-15 17:58:19] [task_2025091517580_63de] [INFO] Pytest执行完成（耗时：12.45秒，返回码：1）
[2025-09-15 17:58:19] [task_2025091517580_63de] [INFO] Pytest日志已保存：D:\PycharmProjects\ums_uiautomator\result\2025091517580_63de\task_2025091517580_63de.log（大小：9.76KB）
[2025-09-15 17:58:19] [task_2025091517580_63de] [INFO] 开始生成Allure HTML报告...
[2025-09-15 17:58:19] [task_2025091517580_63de] [DEBUG] Allure生成命令包含--clean参数
[2025-09-15 17:58:19] [task_2025091517580_63de] [DEBUG] Allure报告标题：report_2025091517580_63de
[2025-09-15 17:58:19] [task_2025091517580_63de] [DEBUG] Allure生成命令：allure generate D:\PycharmProjects\ums_uiautomator\result\2025091517580_63de\allure_raw -o D:\PycharmProjects\ums_uiautomator\result\2025091517580_63de\allure_html --clean --title report_2025091517580_63de
[2025-09-15 17:58:49] [task_2025091517580_63de] [INFO] Allure生成日志已保存：D:\PycharmProjects\ums_uiautomator\result\2025091517580_63de\allure_generate.log
[2025-09-15 17:58:49] [task_2025091517580_63de] [DEBUG] 报告压缩功能已禁用
[2025-09-15 17:58:49] [task_2025091517580_63de] [INFO] Allure报告生成成功：D:\PycharmProjects\ums_uiautomator\result\2025091517580_63de\allure_html\index.html（目录大小：2453.92MB，耗时：30.47秒）
[2025-09-15 17:58:49] [task_2025091517580_63de] [INFO] 报告元数据已保存：D:\PycharmProjects\ums_uiautomator\result\2025091517580_63de\report_meta.json
