[2025-09-15 15:59:07] [device_AF8YVB1805003480] [INFO] 开始初始化设备：AF8YVB1805003480
[2025-09-15 15:59:07] [device_AF8YVB1805003480] [DEBUG] 设备AF8YVB1805003480在线状态：True
[2025-09-15 15:59:07] [device_AF8YVB1805003480] [INFO] 执行初始化命令：python -m uiautomator2 init AF8YVB1805003480
[2025-09-15 15:59:07] [device_AF8YVB1805003480] [DEBUG] uiautomator2 init 输出：[D 2025-09-15 15:59:07,919 core:254 pid:11448] file u2.jar md5: 3564c56e4ef077f92c0fd32bcb42aea1
[2025-09-15 15:59:07] [device_AF8YVB1805003480] [DEBUG] uiautomator2 init 输出：[D 2025-09-15 15:59:07,990 core:243 pid:11448] file u2.jar already pushed
[2025-09-15 15:59:07] [device_AF8YVB1805003480] [DEBUG] uiautomator2 init 输出：[D 2025-09-15 15:59:07,991 core:111 pid:11448] http request GET /ping None
[2025-09-15 15:59:08] [device_AF8YVB1805003480] [DEBUG] uiautomator2 init 输出：[D 2025-09-15 15:59:08,022 core:71 pid:11448] launch uiautomator with cmd: CLASSPATH=/data/local/tmp/u2.jar app_process / com.wetest.uia2.Main
[2025-09-15 15:59:08] [device_AF8YVB1805003480] [DEBUG] uiautomator2 init 输出：[D 2025-09-15 15:59:08,049 core:111 pid:11448] http request GET /ping None
[2025-09-15 15:59:08] [device_AF8YVB1805003480] [DEBUG] uiautomator2 init 输出：[D 2025-09-15 15:59:08,580 core:111 pid:11448] http request GET /ping None
[2025-09-15 15:59:08] [device_AF8YVB1805003480] [DEBUG] uiautomator2 init 输出：[D 2025-09-15 15:59:08,686 core:39 pid:11448] MockAdbProcess: b'[server] INFO: [UiAutomator2Server] Starting Server\n'
[2025-09-15 15:59:08] [device_AF8YVB1805003480] [DEBUG] uiautomator2 init 输出：[D 2025-09-15 15:59:08,860 core:39 pid:11448] MockAdbProcess: b'SLF4J: Failed to load class "org.slf4j.impl.StaticLoggerBinder".\nSLF4J: Defaulting to no-operation (NOP) logger implementation\nSLF4J: See http://www.slf4j.org/codes.html#StaticLoggerBinder for further details.\n'
[2025-09-15 15:59:08] [device_AF8YVB1805003480] [DEBUG] uiautomator2 init 输出：[D 2025-09-15 15:59:08,928 core:39 pid:11448] MockAdbProcess: b'[server] INFO: clipboardManager inited\n'
[2025-09-15 15:59:08] [device_AF8YVB1805003480] [DEBUG] uiautomator2 init 输出：[D 2025-09-15 15:59:08,932 core:39 pid:11448] MockAdbProcess: b'[server] INFO: tmpdir is /data/local/tmp/u2\n'
[2025-09-15 15:59:08] [device_AF8YVB1805003480] [DEBUG] uiautomator2 init 输出：[D 2025-09-15 15:59:08,947 core:39 pid:11448] MockAdbProcess: b'[server] INFO: http server listening on *:9008\n'
[2025-09-15 15:59:09] [device_AF8YVB1805003480] [DEBUG] uiautomator2 init 输出：[D 2025-09-15 15:59:09,113 core:111 pid:11448] http request GET /ping None
[2025-09-15 15:59:09] [device_AF8YVB1805003480] [DEBUG] uiautomator2 init 输出：[D 2025-09-15 15:59:09,165 core:254 pid:11448] file u2.jar md5: 3564c56e4ef077f92c0fd32bcb42aea1
[2025-09-15 15:59:09] [device_AF8YVB1805003480] [DEBUG] uiautomator2 init 输出：[D 2025-09-15 15:59:09,241 core:243 pid:11448] file u2.jar already pushed
[2025-09-15 15:59:09] [device_AF8YVB1805003480] [INFO] uiautomator2 init 命令执行完成
[2025-09-15 15:59:11] [device_AF8YVB1805003480] [DEBUG] 执行 atx-agent 版本校验命令：adb -s AF8YVB1805003480 shell /data/local/tmp/atx-agent version
[2025-09-15 15:59:11] [device_AF8YVB1805003480] [INFO] 设备AF8YVB1805003480初始化成功
[2025-09-15 15:59:11] [task_2025091515590_ca9e] [INFO] 准备测试环境：D:\PycharmProjects\ums_uiautomator\result\2025091515590_ca9e
[2025-09-15 15:59:11] [task_2025091515590_ca9e] [DEBUG] 创建目录成功：D:\PycharmProjects\ums_uiautomator\result\2025091515590_ca9e\allure_raw
[2025-09-15 15:59:11] [task_2025091515590_ca9e] [DEBUG] 创建目录成功：D:\PycharmProjects\ums_uiautomator\result\2025091515590_ca9e\allure_html
[2025-09-15 15:59:11] [task_2025091515590_ca9e] [INFO] 测试目录初始化完成：D:\PycharmProjects\ums_uiautomator\result\2025091515590_ca9e
[2025-09-15 15:59:11] [task_2025091515590_ca9e] [INFO] 测试用例校验通过：D:\PycharmProjects\ums_uiautomator\test_suite\tmp_project.py（文件大小：1.52KB）
[2025-09-15 15:59:11] [task_2025091515590_ca9e] [INFO] 开始执行Pytest测试...
[2025-09-15 15:59:12] [device_AF8YVB1805003480] [INFO] 开始初始化设备：AF8YVB1805003480
[2025-09-15 15:59:12] [device_AF8YVB1805003480] [DEBUG] 设备AF8YVB1805003480在线状态：True
[2025-09-15 15:59:12] [device_AF8YVB1805003480] [INFO] 执行初始化命令：python -m uiautomator2 init AF8YVB1805003480
[2025-09-15 15:59:13] [device_AF8YVB1805003480] [DEBUG] uiautomator2 init 输出：[D 2025-09-15 15:59:13,632 core:254 pid:23508] file u2.jar md5: 3564c56e4ef077f92c0fd32bcb42aea1
[2025-09-15 15:59:13] [device_AF8YVB1805003480] [DEBUG] uiautomator2 init 输出：[D 2025-09-15 15:59:13,718 core:243 pid:23508] file u2.jar already pushed
[2025-09-15 15:59:13] [device_AF8YVB1805003480] [DEBUG] uiautomator2 init 输出：[D 2025-09-15 15:59:13,718 core:111 pid:23508] http request GET /ping None
[2025-09-15 15:59:13] [device_AF8YVB1805003480] [DEBUG] uiautomator2 init 输出：[D 2025-09-15 15:59:13,751 core:71 pid:23508] launch uiautomator with cmd: CLASSPATH=/data/local/tmp/u2.jar app_process / com.wetest.uia2.Main
[2025-09-15 15:59:13] [device_AF8YVB1805003480] [DEBUG] uiautomator2 init 输出：[D 2025-09-15 15:59:13,772 core:111 pid:23508] http request GET /ping None
[2025-09-15 15:59:14] [device_AF8YVB1805003480] [DEBUG] uiautomator2 init 输出：[D 2025-09-15 15:59:14,307 core:111 pid:23508] http request GET /ping None
[2025-09-15 15:59:14] [device_AF8YVB1805003480] [DEBUG] uiautomator2 init 输出：[D 2025-09-15 15:59:14,432 core:39 pid:23508] MockAdbProcess: b'[server] INFO: [UiAutomator2Server] Starting Server\n'
[2025-09-15 15:59:14] [device_AF8YVB1805003480] [DEBUG] uiautomator2 init 输出：[D 2025-09-15 15:59:14,607 core:39 pid:23508] MockAdbProcess: b'SLF4J: Failed to load class "org.slf4j.impl.StaticLoggerBinder".\nSLF4J: Defaulting to no-operation (NOP) logger implementation\nSLF4J: See http://www.slf4j.org/codes.html#StaticLoggerBinder for further details.\n'
[2025-09-15 15:59:14] [device_AF8YVB1805003480] [DEBUG] uiautomator2 init 输出：[D 2025-09-15 15:59:14,670 core:39 pid:23508] MockAdbProcess: b'[server] INFO: clipboardManager inited\n'
[2025-09-15 15:59:14] [device_AF8YVB1805003480] [DEBUG] uiautomator2 init 输出：[D 2025-09-15 15:59:14,674 core:39 pid:23508] MockAdbProcess: b'[server] INFO: tmpdir is /data/local/tmp/u2\n'
[2025-09-15 15:59:14] [device_AF8YVB1805003480] [DEBUG] uiautomator2 init 输出：[D 2025-09-15 15:59:14,689 core:39 pid:23508] MockAdbProcess: b'[server] INFO: http server listening on *:9008\n'
[2025-09-15 15:59:14] [device_AF8YVB1805003480] [DEBUG] uiautomator2 init 输出：[D 2025-09-15 15:59:14,872 core:111 pid:23508] http request GET /ping None
[2025-09-15 15:59:14] [device_AF8YVB1805003480] [DEBUG] uiautomator2 init 输出：[D 2025-09-15 15:59:14,965 core:254 pid:23508] file u2.jar md5: 3564c56e4ef077f92c0fd32bcb42aea1
[2025-09-15 15:59:15] [device_AF8YVB1805003480] [DEBUG] uiautomator2 init 输出：[D 2025-09-15 15:59:15,071 core:243 pid:23508] file u2.jar already pushed
[2025-09-15 15:59:15] [device_AF8YVB1805003480] [INFO] uiautomator2 init 命令执行完成
[2025-09-15 15:59:17] [device_AF8YVB1805003480] [DEBUG] 执行 atx-agent 版本校验命令：adb -s AF8YVB1805003480 shell /data/local/tmp/atx-agent version
[2025-09-15 15:59:17] [device_AF8YVB1805003480] [INFO] 设备AF8YVB1805003480初始化成功
[2025-09-15 15:59:18] [device_AF8YVB1805003480] [INFO] 设备AF8YVB1805003480执行亮屏操作
[2025-09-15 15:59:20] [device_AF8YVB1805003480] [ERROR] 设备AF8YVB1805003480检查文本'相机'失败：[Errno 2] No such file or directory: '/tmp/window_dump.xml'
Traceback (most recent call last):
  File "D:\PycharmProjects\ums_uiautomator\core\uiautomator.py", line 156, in check_text_exists
    with open("/tmp/window_dump.xml", "r", encoding="utf-8") as f:
         ~~~~^^^^^^^^^^^^^^^^^^^^^^^^^^^^^^^^^^^^^^^^^^^^^^^
FileNotFoundError: [Errno 2] No such file or directory: '/tmp/window_dump.xml'
[2025-09-15 15:59:20] [device_AF8YVB1805003480] [INFO] 设备AF8YVB1805003480执行按键操作：home
[2025-09-15 15:59:21] [device_AF8YVB1805003480] [INFO] 设备AF8YVB1805003480执行亮屏操作
[2025-09-15 15:59:22] [device_AF8YVB1805003480] [INFO] 设备AF8YVB1805003480执行按键操作：home
[2025-09-15 15:59:22] [device_AF8YVB1805003480] [INFO] 设备AF8YVB1805003480执行亮屏操作
[2025-09-15 15:59:23] [device_AF8YVB1805003480] [INFO] 设备AF8YVB1805003480点击坐标：(100, 100)
[2025-09-15 15:59:24] [device_AF8YVB1805003480] [INFO] 设备AF8YVB1805003480点击坐标：(200, 200)
[2025-09-15 15:59:24] [device_AF8YVB1805003480] [INFO] 两次点击操作完成，测试通过
[2025-09-15 15:59:24] [device_AF8YVB1805003480] [INFO] 设备AF8YVB1805003480执行按键操作：home
[2025-09-15 15:59:24] [task_2025091515590_ca9e] [INFO] Pytest执行完成（耗时：13.39秒，返回码：1）
[2025-09-15 15:59:24] [task_2025091515590_ca9e] [INFO] Pytest日志已保存：D:\PycharmProjects\ums_uiautomator\result\2025091515590_ca9e\task_2025091515590_ca9e.log（大小：9.78KB）
[2025-09-15 15:59:24] [task_2025091515590_ca9e] [INFO] 开始生成Allure HTML报告...
[2025-09-15 15:59:24] [task_2025091515590_ca9e] [DEBUG] Allure生成命令包含--clean参数
[2025-09-15 15:59:24] [task_2025091515590_ca9e] [DEBUG] Allure报告标题：report_2025091515590_ca9e
[2025-09-15 15:59:24] [task_2025091515590_ca9e] [DEBUG] Allure生成命令：allure generate D:\PycharmProjects\ums_uiautomator\result\2025091515590_ca9e\allure_raw -o D:\PycharmProjects\ums_uiautomator\result\2025091515590_ca9e\allure_html --clean --title report_2025091515590_ca9e
[2025-09-15 15:59:29] [task_2025091515590_ca9e] [INFO] Allure生成日志已保存：D:\PycharmProjects\ums_uiautomator\result\2025091515590_ca9e\allure_generate.log
[2025-09-15 15:59:29] [task_2025091515590_ca9e] [DEBUG] 报告压缩功能已禁用
[2025-09-15 15:59:29] [task_2025091515590_ca9e] [INFO] Allure报告生成成功：D:\PycharmProjects\ums_uiautomator\result\2025091515590_ca9e\allure_html\index.html（目录大小：2454.08MB，耗时：4.29秒）
[2025-09-15 15:59:29] [task_2025091515590_ca9e] [INFO] 报告元数据已保存：D:\PycharmProjects\ums_uiautomator\result\2025091515590_ca9e\report_meta.json
