=== 任务2025091515561_91b2 Pytest执行日志 ===
执行时间：2025-09-15 15:56:34
执行耗时：13.85秒
执行命令：python -m pytest D:\PycharmProjects\ums_uiautomator\test_suite\tmp_project.py --device_id=AF8YVB1805003480 --task_id=2025091515561_91b2 --alluredir=D:\PycharmProjects\ums_uiautomator\result\2025091515561_91b2\allure_raw -v --tb=short --timeout=3600
返回码：1

=== 标准输出（stdout）===
============================= test session starts =============================
platform win32 -- Python 3.13.7, pytest-7.4.3, pluggy-1.6.0 -- C:\Python313\python.exe
cachedir: .pytest_cache
rootdir: D:\PycharmProjects\ums_uiautomator
plugins: allure-pytest-2.13.5, anyio-4.10.0, timeout-2.2.0
timeout: 3600.0s
timeout method: thread
timeout func_only: False
collecting ... collected 4 items

test_suite/tmp_project.py::test_case01 FAILED                            [ 25%]
test_suite/tmp_project.py::test_case02 SKIPPED (演示跳过用例)            [ 50%]
test_suite/tmp_project.py::test_case03 PASSED                            [ 75%]
test_suite/tmp_project.py::test_case04 PASSED                            [100%]

================================== FAILURES ===================================
_________________________________ test_case01 _________________________________
test_suite\tmp_project.py:13: in test_case01
    assert d.check_text_exists("相机"), "页面未找到'相机'文本"
E   AssertionError: 页面未找到'相机'文本
E   assert False
E    +  where False = <bound method Uiautomator.check_text_exists of <core.uiautomator.Uiautomator object at 0x0000026A99B841A0>>('相机')
E    +    where <bound method Uiautomator.check_text_exists of <core.uiautomator.Uiautomator object at 0x0000026A99B841A0>> = <core.uiautomator.Uiautomator object at 0x0000026A99B841A0>.check_text_exists
---------------------------- Captured stderr setup ----------------------------
[2025-09-15 15:56:21] [INFO] 开始初始化设备：AF8YVB1805003480
[2025-09-15 15:56:22] [DEBUG] 设备AF8YVB1805003480在线状态：True
[2025-09-15 15:56:22] [INFO] 执行初始化命令：python -m uiautomator2 init AF8YVB1805003480
[2025-09-15 15:56:23] [DEBUG] uiautomator2 init 输出：[D 2025-09-15 15:56:23,621 core:254 pid:41356] file u2.jar md5: 3564c56e4ef077f92c0fd32bcb42aea1
[2025-09-15 15:56:23] [DEBUG] uiautomator2 init 输出：[D 2025-09-15 15:56:23,693 core:243 pid:41356] file u2.jar already pushed
[2025-09-15 15:56:23] [DEBUG] uiautomator2 init 输出：[D 2025-09-15 15:56:23,693 core:111 pid:41356] http request GET /ping None
[2025-09-15 15:56:23] [DEBUG] uiautomator2 init 输出：[D 2025-09-15 15:56:23,727 core:71 pid:41356] launch uiautomator with cmd: CLASSPATH=/data/local/tmp/u2.jar app_process / com.wetest.uia2.Main
[2025-09-15 15:56:23] [DEBUG] uiautomator2 init 输出：[D 2025-09-15 15:56:23,749 core:111 pid:41356] http request GET /ping None
[2025-09-15 15:56:24] [DEBUG] uiautomator2 init 输出：[D 2025-09-15 15:56:24,281 core:111 pid:41356] http request GET /ping None
[2025-09-15 15:56:24] [DEBUG] uiautomator2 init 输出：[D 2025-09-15 15:56:24,378 core:39 pid:41356] MockAdbProcess: b'[server] INFO: [UiAutomator2Server] Starting Server\n'
[2025-09-15 15:56:24] [DEBUG] uiautomator2 init 输出：[D 2025-09-15 15:56:24,561 core:39 pid:41356] MockAdbProcess: b'SLF4J: Failed to load class "org.slf4j.impl.StaticLoggerBinder".\nSLF4J: Defaulting to no-operation (NOP) logger implementation\nSLF4J: See http://www.slf4j.org/codes.html#StaticLoggerBinder for further details.\n'
[2025-09-15 15:56:24] [DEBUG] uiautomator2 init 输出：[D 2025-09-15 15:56:24,642 core:39 pid:41356] MockAdbProcess: b'[server] INFO: clipboardManager inited\n'
[2025-09-15 15:56:24] [DEBUG] uiautomator2 init 输出：[D 2025-09-15 15:56:24,644 core:39 pid:41356] MockAdbProcess: b'[server] INFO: tmpdir is /data/local/tmp/u2\n[server] INFO: http server listening on *:9008\n'
[2025-09-15 15:56:24] [DEBUG] uiautomator2 init 输出：[D 2025-09-15 15:56:24,815 core:111 pid:41356] http request GET /ping None
[2025-09-15 15:56:24] [DEBUG] uiautomator2 init 输出：[D 2025-09-15 15:56:24,864 core:254 pid:41356] file u2.jar md5: 3564c56e4ef077f92c0fd32bcb42aea1
[2025-09-15 15:56:24] [DEBUG] uiautomator2 init 输出：[D 2025-09-15 15:56:24,936 core:243 pid:41356] file u2.jar already pushed
[2025-09-15 15:56:25] [INFO] uiautomator2 init 命令执行完成
[2025-09-15 15:56:27] [DEBUG] 执行 atx-agent 版本校验命令：adb -s AF8YVB1805003480 shell /data/local/tmp/atx-agent version
[2025-09-15 15:56:27] [INFO] 设备AF8YVB1805003480初始化成功
[2025-09-15 15:56:27] [INFO] 设备AF8YVB1805003480执行亮屏操作
----------------------------- Captured log setup ------------------------------
INFO     device_AF8YVB1805003480:log_util.py:60 开始初始化设备：AF8YVB1805003480
DEBUG    device_AF8YVB1805003480:log_util.py:57 设备AF8YVB1805003480在线状态：True
INFO     device_AF8YVB1805003480:log_util.py:60 执行初始化命令：python -m uiautomator2 init AF8YVB1805003480
DEBUG    device_AF8YVB1805003480:log_util.py:57 uiautomator2 init 输出：[D 2025-09-15 15:56:23,621 core:254 pid:41356] file u2.jar md5: 3564c56e4ef077f92c0fd32bcb42aea1
DEBUG    device_AF8YVB1805003480:log_util.py:57 uiautomator2 init 输出：[D 2025-09-15 15:56:23,693 core:243 pid:41356] file u2.jar already pushed
DEBUG    device_AF8YVB1805003480:log_util.py:57 uiautomator2 init 输出：[D 2025-09-15 15:56:23,693 core:111 pid:41356] http request GET /ping None
DEBUG    device_AF8YVB1805003480:log_util.py:57 uiautomator2 init 输出：[D 2025-09-15 15:56:23,727 core:71 pid:41356] launch uiautomator with cmd: CLASSPATH=/data/local/tmp/u2.jar app_process / com.wetest.uia2.Main
DEBUG    device_AF8YVB1805003480:log_util.py:57 uiautomator2 init 输出：[D 2025-09-15 15:56:23,749 core:111 pid:41356] http request GET /ping None
DEBUG    device_AF8YVB1805003480:log_util.py:57 uiautomator2 init 输出：[D 2025-09-15 15:56:24,281 core:111 pid:41356] http request GET /ping None
DEBUG    device_AF8YVB1805003480:log_util.py:57 uiautomator2 init 输出：[D 2025-09-15 15:56:24,378 core:39 pid:41356] MockAdbProcess: b'[server] INFO: [UiAutomator2Server] Starting Server\n'
DEBUG    device_AF8YVB1805003480:log_util.py:57 uiautomator2 init 输出：[D 2025-09-15 15:56:24,561 core:39 pid:41356] MockAdbProcess: b'SLF4J: Failed to load class "org.slf4j.impl.StaticLoggerBinder".\nSLF4J: Defaulting to no-operation (NOP) logger implementation\nSLF4J: See http://www.slf4j.org/codes.html#StaticLoggerBinder for further details.\n'
DEBUG    device_AF8YVB1805003480:log_util.py:57 uiautomator2 init 输出：[D 2025-09-15 15:56:24,642 core:39 pid:41356] MockAdbProcess: b'[server] INFO: clipboardManager inited\n'
DEBUG    device_AF8YVB1805003480:log_util.py:57 uiautomator2 init 输出：[D 2025-09-15 15:56:24,644 core:39 pid:41356] MockAdbProcess: b'[server] INFO: tmpdir is /data/local/tmp/u2\n[server] INFO: http server listening on *:9008\n'
DEBUG    device_AF8YVB1805003480:log_util.py:57 uiautomator2 init 输出：[D 2025-09-15 15:56:24,815 core:111 pid:41356] http request GET /ping None
DEBUG    device_AF8YVB1805003480:log_util.py:57 uiautomator2 init 输出：[D 2025-09-15 15:56:24,864 core:254 pid:41356] file u2.jar md5: 3564c56e4ef077f92c0fd32bcb42aea1
DEBUG    device_AF8YVB1805003480:log_util.py:57 uiautomator2 init 输出：[D 2025-09-15 15:56:24,936 core:243 pid:41356] file u2.jar already pushed
INFO     device_AF8YVB1805003480:log_util.py:60 uiautomator2 init 命令执行完成
DEBUG    device_AF8YVB1805003480:log_util.py:57 执行 atx-agent 版本校验命令：adb -s AF8YVB1805003480 shell /data/local/tmp/atx-agent version
INFO     device_AF8YVB1805003480:log_util.py:60 设备AF8YVB1805003480初始化成功
INFO     device_AF8YVB1805003480:log_util.py:60 设备AF8YVB1805003480执行亮屏操作
---------------------------- Captured stderr call -----------------------------
[2025-09-15 15:56:29] [ERROR] 设备AF8YVB1805003480检查文本'相机'失败：[Errno 2] No such file or directory: '/tmp/window_dump.xml'
Traceback (most recent call last):
  File "D:\PycharmProjects\ums_uiautomator\core\uiautomator.py", line 156, in check_text_exists
    with open("/tmp/window_dump.xml", "r", encoding="utf-8") as f:
         ~~~~^^^^^^^^^^^^^^^^^^^^^^^^^^^^^^^^^^^^^^^^^^^^^^^
FileNotFoundError: [Errno 2] No such file or directory: '/tmp/window_dump.xml'
------------------------------ Captured log call ------------------------------
ERROR    device_AF8YVB1805003480:log_util.py:66 设备AF8YVB1805003480检查文本'相机'失败：[Errno 2] No such file or directory: '/tmp/window_dump.xml'
Traceback (most recent call last):
  File "D:\PycharmProjects\ums_uiautomator\core\uiautomator.py", line 156, in check_text_exists
    with open("/tmp/window_dump.xml", "r", encoding="utf-8") as f:
         ~~~~^^^^^^^^^^^^^^^^^^^^^^^^^^^^^^^^^^^^^^^^^^^^^^^
FileNotFoundError: [Errno 2] No such file or directory: '/tmp/window_dump.xml'
-------------------------- Captured stderr teardown ---------------------------
[2025-09-15 15:56:30] [INFO] 设备AF8YVB1805003480执行按键操作：home
---------------------------- Captured log teardown ----------------------------
INFO     device_AF8YVB1805003480:log_util.py:60 设备AF8YVB1805003480执行按键操作：home
=========================== short test summary info ===========================
FAILED test_suite/tmp_project.py::test_case01 - AssertionError: 页面未找到'相...
=================== 1 failed, 2 passed, 1 skipped in 12.61s ===================

=== 错误输出（stderr）===
无错误输出