2025-09-08 18:22:20,202 - task_22 - INFO - 执行测试命令：python -m pytest -sv D:\PyCharmProjects\ums_uiautomator\test_suite\tmp_project.py --device_id=AF8YVB1805003480 --task_id=22 --alluredir=D:\PyCharmProjects\ums_uiautomator\result\22\allure
2025-09-08 18:22:24,417 - task_22 - INFO - ============================= test session starts =============================
2025-09-08 18:22:24,417 - task_22 - INFO - platform win32 -- Python 3.9.13, pytest-7.1.2, pluggy-1.6.0 -- C:\ProgramData\Anaconda3\python.exe
2025-09-08 18:22:24,423 - task_22 - INFO - cachedir: .pytest_cache
2025-09-08 18:22:24,423 - task_22 - INFO - metadata: {'Python': '3.9.13', 'Platform': 'Windows-10-10.0.26100-SP0', 'Packages': {'pytest': '7.1.2', 'py': '1.11.0', 'pluggy': '1.6.0'}, 'Plugins': {'allure-pytest': '2.9.45', 'anyio': '1.3.1', 'langsmith': '0.4.20', 'html': '3.1.1', 'metadata': '2.0.1'}, 'JAVA_HOME': 'C:\\Program Files\\Java\\jdk1.8.0_221'}
2025-09-08 18:22:24,427 - task_22 - INFO - rootdir: D:\PyCharmProjects\ums_uiautomator
2025-09-08 18:22:24,427 - task_22 - INFO - plugins: allure-pytest-2.9.45, anyio-1.3.1, langsmith-0.4.20, html-3.1.1, metadata-2.0.1
2025-09-08 18:22:24,428 - task_22 - INFO - collecting ... collected 4 items
2025-09-08 18:22:24,429 - task_22 - INFO - 
2025-09-08 18:22:24,823 - task_22 - INFO - test_suite/tmp_project.py::test_case01 ERROR
2025-09-08 18:22:24,825 - task_22 - INFO - test_suite/tmp_project.py::test_case02 SKIPPED (Skip if demo)
2025-09-08 18:22:24,859 - task_22 - INFO - test_suite/tmp_project.py::test_case03 ERROR
2025-09-08 18:22:24,896 - task_22 - INFO - test_suite/tmp_project.py::test_case04 ERROR
2025-09-08 18:22:24,897 - task_22 - INFO - 
2025-09-08 18:22:24,897 - task_22 - INFO - =================================== ERRORS ====================================
2025-09-08 18:22:24,897 - task_22 - INFO - ________________________ ERROR at setup of test_case01 ________________________
2025-09-08 18:22:24,897 - task_22 - INFO - 
2025-09-08 18:22:24,897 - task_22 - INFO - device_id = 'AF8YVB1805003480'
2025-09-08 18:22:24,897 - task_22 - INFO - 
2025-09-08 18:22:24,898 - task_22 - INFO - @pytest.fixture(scope="function")
2025-09-08 18:22:24,898 - task_22 - INFO - def setup_and_teardown_demo(device_id):
2025-09-08 18:22:24,898 - task_22 - INFO - """
2025-09-08 18:22:24,898 - task_22 - INFO - 通用前置：亮屏
2025-09-08 18:22:24,898 - task_22 - INFO - 通用收尾：回到主页面
2025-09-08 18:22:24,899 - task_22 - INFO - d 为 UI 测试的核心对象，除非知道后果否则请勿修改
2025-09-08 18:22:24,899 - task_22 - INFO - @Author: CN-LanBao
2025-09-08 18:22:24,899 - task_22 - INFO - @Create: 2022/5/9 17:32
2025-09-08 18:22:24,899 - task_22 - INFO - :return: Uiautomator
2025-09-08 18:22:24,899 - task_22 - INFO - """
2025-09-08 18:22:24,899 - task_22 - INFO - >       d.screen_on()
2025-09-08 18:22:24,900 - task_22 - INFO - E       AttributeError: 'NoneType' object has no attribute 'screen_on'
2025-09-08 18:22:24,900 - task_22 - INFO - 
2025-09-08 18:22:24,900 - task_22 - INFO - test_suite\conftest.py:51: AttributeError
2025-09-08 18:22:24,900 - task_22 - INFO - ________________________ ERROR at setup of test_case03 ________________________
2025-09-08 18:22:24,900 - task_22 - INFO - 
2025-09-08 18:22:24,900 - task_22 - INFO - device_id = 'AF8YVB1805003480'
2025-09-08 18:22:24,901 - task_22 - INFO - 
2025-09-08 18:22:24,901 - task_22 - INFO - @pytest.fixture(scope="function")
2025-09-08 18:22:24,901 - task_22 - INFO - def setup_and_teardown_demo(device_id):
2025-09-08 18:22:24,901 - task_22 - INFO - """
2025-09-08 18:22:24,901 - task_22 - INFO - 通用前置：亮屏
2025-09-08 18:22:24,901 - task_22 - INFO - 通用收尾：回到主页面
2025-09-08 18:22:24,901 - task_22 - INFO - d 为 UI 测试的核心对象，除非知道后果否则请勿修改
2025-09-08 18:22:24,902 - task_22 - INFO - @Author: CN-LanBao
2025-09-08 18:22:24,902 - task_22 - INFO - @Create: 2022/5/9 17:32
2025-09-08 18:22:24,902 - task_22 - INFO - :return: Uiautomator
2025-09-08 18:22:24,903 - task_22 - INFO - """
2025-09-08 18:22:24,903 - task_22 - INFO - >       d.screen_on()
2025-09-08 18:22:24,903 - task_22 - INFO - E       AttributeError: 'NoneType' object has no attribute 'screen_on'
2025-09-08 18:22:24,903 - task_22 - INFO - 
2025-09-08 18:22:24,903 - task_22 - INFO - test_suite\conftest.py:51: AttributeError
2025-09-08 18:22:24,904 - task_22 - INFO - ________________________ ERROR at setup of test_case04 ________________________
2025-09-08 18:22:24,904 - task_22 - INFO - 
2025-09-08 18:22:24,904 - task_22 - INFO - device_id = 'AF8YVB1805003480'
2025-09-08 18:22:24,904 - task_22 - INFO - 
2025-09-08 18:22:24,904 - task_22 - INFO - @pytest.fixture(scope="function")
2025-09-08 18:22:24,904 - task_22 - INFO - def setup_and_teardown_demo(device_id):
2025-09-08 18:22:24,905 - task_22 - INFO - """
2025-09-08 18:22:24,905 - task_22 - INFO - 通用前置：亮屏
2025-09-08 18:22:24,905 - task_22 - INFO - 通用收尾：回到主页面
2025-09-08 18:22:24,905 - task_22 - INFO - d 为 UI 测试的核心对象，除非知道后果否则请勿修改
2025-09-08 18:22:24,905 - task_22 - INFO - @Author: CN-LanBao
2025-09-08 18:22:24,906 - task_22 - INFO - @Create: 2022/5/9 17:32
2025-09-08 18:22:24,906 - task_22 - INFO - :return: Uiautomator
2025-09-08 18:22:24,906 - task_22 - INFO - """
2025-09-08 18:22:24,906 - task_22 - INFO - >       d.screen_on()
2025-09-08 18:22:24,906 - task_22 - INFO - E       AttributeError: 'NoneType' object has no attribute 'screen_on'
2025-09-08 18:22:24,907 - task_22 - INFO - 
2025-09-08 18:22:24,907 - task_22 - INFO - test_suite\conftest.py:51: AttributeError
2025-09-08 18:22:24,907 - task_22 - INFO - =========================== short test summary info ===========================
2025-09-08 18:22:24,907 - task_22 - INFO - ERROR test_suite/tmp_project.py::test_case01 - AttributeError: 'NoneType' obj...
2025-09-08 18:22:24,907 - task_22 - INFO - ERROR test_suite/tmp_project.py::test_case03 - AttributeError: 'NoneType' obj...
2025-09-08 18:22:24,908 - task_22 - INFO - ERROR test_suite/tmp_project.py::test_case04 - AttributeError: 'NoneType' obj...
2025-09-08 18:22:24,908 - task_22 - INFO - ======================== 1 skipped, 3 errors in 0.48s =========================
2025-09-08 18:22:25,026 - task_22 - INFO - 测试完成，任务ID：22，报告URL：http://localhost:5000/api/report/files/22/index.html
